<?xml version="1.0" encoding="UTF-8"?>
<!-- Generated by org.testng.reporters.JUnitReportReporter -->
<testsuite hostname="AzureTeamcity" name="login.Login_Ok" tests="1" failures="0" timestamp="12 Aug 2015 10:07:25 GMT" time="18.545" errors="0">
  <testcase name="test" time="18.545" classname="login.Login_Ok"/>
</testsuite> <!-- login.Login_Ok -->
