<?xml version="1.0" encoding="UTF-8"?>
<!-- Generated by org.testng.reporters.JUnitReportReporter -->
<testsuite hostname="AzureTeamcity" name="login.upload" tests="1" failures="0" timestamp="13 Aug 2015 08:28:52 GMT" time="46.046" errors="0">
  <testcase name="upload" time="46.046" classname="login.upload"/>
</testsuite> <!-- login.upload -->
